\BOOKMARK [3][-]{anchor name.3}{\376\377\000b\000o\000o\000k\000m\000a\000r\000k\000\040\000t\000e\000x\000t}{}% 1
\BOOKMARK [1][-]{section.1}{\376\377\137\025\212\000}{}% 2
\BOOKMARK [1][-]{section.2}{\376\377\000D\000e\000f\000i\000n\000i\000t\000i\000o\000n\000s\000\040\000a\000n\000d\000\040\000n\000o\000t\000a\000t\000i\000o\000n\000s}{}% 3
\BOOKMARK [2][-]{subsection.2.1}{\376\377\124\016\177\000\145\160\176\304\124\214\123\213\177\051\124\016\177\000\145\160\176\304}{section.2}% 4
\BOOKMARK [2][-]{subsection.2.2}{\376\377\124\016\124\021\144\034\175\042}{section.2}% 5
\BOOKMARK [2][-]{subsection.2.3}{\376\377\000C\000S\000A\175\042\137\025}{section.2}% 6
\BOOKMARK [1][-]{section.3}{\376\377\000C\000S\000A\167\355\213\373\153\324\133\371\173\227\154\325}{}% 7
\BOOKMARK [2][-]{subsection.3.1}{\376\377\174\276\170\156\123\071\221\115}{section.3}% 8
\BOOKMARK [2][-]{subsection.3.2}{\376\377\217\321\117\074\123\071\221\115}{section.3}% 9
\BOOKMARK [2][-]{subsection.3.3}{\376\377\144\034\175\042\150\021}{section.3}% 10
\BOOKMARK [2][-]{subsection.3.4}{\376\377\122\006\145\057\226\120\165\114}{section.3}% 11
\BOOKMARK [1][-]{section.4}{\376\377\000C\000S\000A\000A\166\204\133\236\163\260}{}% 12
\BOOKMARK [2][-]{subsection.4.1}{\376\377\117\177\165\050\000s\000e\000e\000d\143\320\232\330\153\324\133\371\220\037\136\246}{section.4}% 13
\BOOKMARK [2][-]{subsection.4.2}{\376\377\153\324\133\371\217\307\172\013\136\166\210\114\123\026}{section.4}% 14
\BOOKMARK [1][-]{section.5}{\376\377\133\236\232\214\155\113\213\325}{}% 15
\BOOKMARK [2][-]{subsection.5.1}{\376\377\155\113\213\325\163\257\130\203\124\214\145\160\143\156}{section.5}% 16
\BOOKMARK [2][-]{subsection.5.2}{\376\377\175\042\137\025\136\372\172\313\145\366\225\364}{section.5}% 17
\BOOKMARK [2][-]{subsection.5.3}{\376\377\152\041\142\337\145\160\143\156\155\113\213\325}{section.5}% 18
\BOOKMARK [2][-]{subsection.5.4}{\376\377\167\037\133\236\145\160\143\156\155\113\213\325}{section.5}% 19
\BOOKMARK [1][-]{section.6}{\376\377\140\073\176\323}{}% 20
